{"level":"info","message":"Google Sign-In was successful. Received JWT ID token:"}
{"level":"info","message":"Received token for verification:"}
{"level":"info","message":"Token verified successfully. User ID:"}
{"level":"info","message":"Session created with ID:"}
{"level":"info","message":"Received response from /verifyToken"}
{"level":"info","message":"/verifyToken response data:"}
{"level":"info","message":"Token verified by server, proceeding to onSuccess"}
{"level":"info","message":"Google Sign-In successful. User info:"}
{"level":"info","message":"Session ID received from server:"}
{"level":"info","message":"Checking for session ID..."}
{"level":"info","message":"Session ID found: 1"}
{"level":"info","message":"Session ID found, starting session check with session ID: 1"}
{"level":"info","message":"Checking session ID:"}
{"level":"info","message":"Session verified successfully"}
{"level":"info","message":"User is authenticated. Displaying content."}
{"level":"info","message":"Checking for session ID..."}
{"level":"info","message":"Session ID found: 1"}
{"level":"info","message":"Session ID found, starting session check with session ID: 1"}
{"level":"info","message":"Checking session ID:"}
{"level":"info","message":"Session verified successfully"}
{"level":"info","message":"User is authenticated. Displaying content."}
{"level":"info","message":"Checking for session ID..."}
{"level":"info","message":"Session ID found: 1"}
{"level":"info","message":"Session ID found, starting session check with session ID: 1"}
{"level":"info","message":"Checking session ID:"}
{"level":"info","message":"Session verified successfully"}
{"level":"info","message":"User is authenticated. Displaying content."}
{"level":"info","message":"Session ID found: 1"}
{"level":"info","message":"Checking for session ID..."}
{"level":"info","message":"Session ID found, starting session check with session ID: 1"}
{"level":"info","message":"Checking session ID:"}
{"level":"info","message":"Session verified successfully"}
{"level":"info","message":"User is authenticated. Displaying content."}
{"level":"info","message":"Checking for session ID..."}
{"level":"info","message":"Session ID found: 1"}
{"level":"info","message":"Session ID found, starting session check with session ID: 1"}
{"level":"info","message":"Checking session ID:"}
{"level":"info","message":"Session verified successfully"}
{"level":"info","message":"User is authenticated. Displaying content."}
{"level":"info","message":"Checking for session ID..."}
{"level":"info","message":"Session ID found: 1"}
{"level":"info","message":"Session ID found, starting session check with session ID: 1"}
{"level":"info","message":"Checking session ID:"}
{"level":"info","message":"Session verified successfully"}
{"level":"info","message":"User is authenticated. Displaying content."}
{"level":"info","message":"Database initialized successfully"}
{"level":"info","message":"Checking for session ID..."}
{"level":"info","message":"Session ID found: 1"}
{"level":"info","message":"Session ID found, starting session check with session ID: 1"}
{"level":"info","message":"Checking session ID:"}
{"level":"warn","message":"Invalid or expired session"}
{"level":"error","message":"Error during session verification: {\"message\":\"Invalid or expired session\"}"}
{"level":"error","message":"Error during session verification process: Session verification failed with status: 401 and body: {\"message\":\"Invalid or expired session\"}"}
{"level":"info"}
{"level":"info","message":"Google Sign-In was successful. Received JWT ID token:"}
{"level":"info","message":"Received token for verification:"}
{"level":"info","message":"Token verified successfully. User ID:"}
{"level":"info","message":"Session created with ID:"}
{"level":"info","message":"Received response from /verifyToken"}
{"level":"info","message":"/verifyToken response data:"}
{"level":"info","message":"Token verified by server, proceeding to onSuccess"}
{"level":"info","message":"Google Sign-In successful. User info:"}
{"level":"info","message":"Session ID received from server:"}
{"level":"info","message":"Checking for session ID..."}
{"level":"info","message":"Session ID found: 1"}
{"level":"info","message":"Session ID found, starting session check with session ID: 1"}
{"level":"info","message":"Checking session ID:"}
{"level":"info","message":"Session verified successfully"}
{"level":"info","message":"User is authenticated. Displaying content."}
{"level":"info","message":"Database initialized successfully"}
{"level":"info","message":"Database initialized successfully"}
{"level":"info","message":"Database initialized successfully"}
{"level":"info","message":"Google Sign-In was successful. Received JWT ID token:","userId":null}
{"level":"info","message":"Received token for verification:"}
{"level":"info","message":"Token verified successfully. User ID:"}
{"level":"info","message":"Session created with ID:"}
{"level":"info","message":"Received response from /verifyToken","userId":null}
{"level":"info","message":"/verifyToken response data:","userId":null}
{"level":"info","message":"Token verified by server, proceeding to onSuccess","userId":null}
{"level":"info","message":"Google Sign-In successful. User info:","userId":null}
{"level":"info","message":"Session ID received from server:","userId":null}
{"level":"info","message":"Checking for session ID...","userId":null}
{"level":"info","message":"Session ID found: 1","userId":null}
{"level":"info","message":"Session ID found, starting session check with session ID: 1","userId":null}
{"level":"info","message":"Checking session ID:"}
{"level":"info","message":"Session verified successfully"}
{"level":"info","message":"User is authenticated. Displaying content.","userId":null}
{"level":"info","userId":null}
{"level":"info","message":"Google Sign-In was successful. Received JWT ID token:","userId":null}
{"level":"info","message":"Received token for verification:"}
{"level":"info","message":"Token verified successfully. User ID:"}
{"level":"info","message":"Session created with ID:"}
{"level":"info","message":"Received response from /verifyToken","userId":null}
{"level":"info","message":"/verifyToken response data:","userId":null}
{"level":"info","message":"Token verified by server, proceeding to onSuccess","userId":null}
{"level":"info","message":"Google Sign-In successful. User info:","userId":null}
{"level":"info","message":"Session ID received from server:","userId":null}
{"level":"info","message":"Checking for session ID...","userId":null}
{"level":"info","message":"Session ID found: 2","userId":null}
{"level":"info","message":"Session ID found, starting session check with session ID: 2","userId":null}
{"level":"info","message":"Checking session ID:"}
{"level":"info","message":"Session verified successfully"}
{"level":"info","message":"User is authenticated. Displaying content.","userId":null}
